G:\3D DIRECT3D 포트폴리오 - 이형구 (TEAM STACK)\TCP_SKYRIMSERVER_PROJECTFILE\DEBUG\CAI.OBJ
G:\3D DIRECT3D 포트폴리오 - 이형구 (TEAM STACK)\TCP_SKYRIMSERVER_PROJECTFILE\DEBUG\CAISTATUS.OBJ
G:\3D DIRECT3D 포트폴리오 - 이형구 (TEAM STACK)\TCP_SKYRIMSERVER_PROJECTFILE\DEBUG\CCOMPOSITE.OBJ
G:\3D DIRECT3D 포트폴리오 - 이형구 (TEAM STACK)\TCP_SKYRIMSERVER_PROJECTFILE\DEBUG\CCOMPOSITECOMPLEX.OBJ
G:\3D DIRECT3D 포트폴리오 - 이형구 (TEAM STACK)\TCP_SKYRIMSERVER_PROJECTFILE\DEBUG\CCOMPOSITESIMPLE.OBJ
G:\3D DIRECT3D 포트폴리오 - 이형구 (TEAM STACK)\TCP_SKYRIMSERVER_PROJECTFILE\DEBUG\CDRAGONAI.OBJ
G:\3D DIRECT3D 포트폴리오 - 이형구 (TEAM STACK)\TCP_SKYRIMSERVER_PROJECTFILE\DEBUG\CDRAGONATTACK.OBJ
G:\3D DIRECT3D 포트폴리오 - 이형구 (TEAM STACK)\TCP_SKYRIMSERVER_PROJECTFILE\DEBUG\CDRAGONBATTLE.OBJ
G:\3D DIRECT3D 포트폴리오 - 이형구 (TEAM STACK)\TCP_SKYRIMSERVER_PROJECTFILE\DEBUG\CDRAGONREADY.OBJ
G:\3D DIRECT3D 포트폴리오 - 이형구 (TEAM STACK)\TCP_SKYRIMSERVER_PROJECTFILE\DEBUG\CDRAGONTHINK.OBJ
G:\3D Direct3D 포트폴리오 - 이형구 (Team Stack)\TCP_SkyrimServer_ProjectFile\Debug\cl.command.1.tlog
G:\3D Direct3D 포트폴리오 - 이형구 (Team Stack)\TCP_SkyrimServer_ProjectFile\Debug\CL.read.1.tlog
G:\3D Direct3D 포트폴리오 - 이형구 (Team Stack)\TCP_SkyrimServer_ProjectFile\Debug\CL.write.1.tlog
G:\3D DIRECT3D 포트폴리오 - 이형구 (TEAM STACK)\TCP_SKYRIMSERVER_PROJECTFILE\DEBUG\CMOVE_BACKMOVE.OBJ
G:\3D DIRECT3D 포트폴리오 - 이형구 (TEAM STACK)\TCP_SKYRIMSERVER_PROJECTFILE\DEBUG\CMOVE_BACKTOSTART.OBJ
G:\3D DIRECT3D 포트폴리오 - 이형구 (TEAM STACK)\TCP_SKYRIMSERVER_PROJECTFILE\DEBUG\CMOVE_CHASE.OBJ
G:\3D DIRECT3D 포트폴리오 - 이형구 (TEAM STACK)\TCP_SKYRIMSERVER_PROJECTFILE\DEBUG\CMOVESELECT.OBJ
G:\3D DIRECT3D 포트폴리오 - 이형구 (TEAM STACK)\TCP_SKYRIMSERVER_PROJECTFILE\DEBUG\CPOSTHINK.OBJ
G:\3D DIRECT3D 포트폴리오 - 이형구 (TEAM STACK)\TCP_SKYRIMSERVER_PROJECTFILE\DEBUG\CSTATUSTHINK.OBJ
G:\3D DIRECT3D 포트폴리오 - 이형구 (TEAM STACK)\TCP_SKYRIMSERVER_PROJECTFILE\DEBUG\CTARGETALIVE.OBJ
G:\3D DIRECT3D 포트폴리오 - 이형구 (TEAM STACK)\TCP_SKYRIMSERVER_PROJECTFILE\DEBUG\CTHISALIVE.OBJ
G:\3D DIRECT3D 포트폴리오 - 이형구 (TEAM STACK)\TCP_SKYRIMSERVER_PROJECTFILE\DEBUG\CWINSOCKETSERVER.OBJ
G:\3D Direct3D 포트폴리오 - 이형구 (Team Stack)\TCP_SkyrimServer_ProjectFile\Debug\link.command.1.tlog
G:\3D Direct3D 포트폴리오 - 이형구 (Team Stack)\TCP_SkyrimServer_ProjectFile\Debug\link.read.1.tlog
G:\3D Direct3D 포트폴리오 - 이형구 (Team Stack)\TCP_SkyrimServer_ProjectFile\Debug\link.write.1.tlog
G:\3D DIRECT3D 포트폴리오 - 이형구 (TEAM STACK)\TCP_SKYRIMSERVER_PROJECTFILE\DEBUG\MAIN.OBJ
G:\3D Direct3D 포트폴리오 - 이형구 (Team Stack)\TCP_SkyrimServer_ProjectFile\Debug\rc.command.1.tlog
G:\3D Direct3D 포트폴리오 - 이형구 (Team Stack)\TCP_SkyrimServer_ProjectFile\Debug\rc.read.1.tlog
G:\3D Direct3D 포트폴리오 - 이형구 (Team Stack)\TCP_SkyrimServer_ProjectFile\Debug\rc.write.1.tlog
G:\3D DIRECT3D 포트폴리오 - 이형구 (TEAM STACK)\TCP_SKYRIMSERVER_PROJECTFILE\DEBUG\STDAFX.OBJ
G:\3D Direct3D 포트폴리오 - 이형구 (Team Stack)\TCP_SkyrimServer_ProjectFile\Debug\TCP_SkyrimServer.exe.embed.manifest
G:\3D DIRECT3D 포트폴리오 - 이형구 (TEAM STACK)\TCP_SKYRIMSERVER_PROJECTFILE\DEBUG\TCP_SKYRIMSERVER.EXE.EMBED.MANIFEST.RES
G:\3D DIRECT3D 포트폴리오 - 이형구 (TEAM STACK)\TCP_SKYRIMSERVER_PROJECTFILE\DEBUG\TCP_SKYRIMSERVER.PCH
G:\3D Direct3D 포트폴리오 - 이형구 (Team Stack)\TCP_SkyrimServer_ProjectFile\Debug\TCP_SkyrimServer.write.1.tlog
G:\3D Direct3D 포트폴리오 - 이형구 (Team Stack)\TCP_SkyrimServer_ProjectFile\Debug\TCP_SkyrimServer_manifest.rc
G:\3D Direct3D 포트폴리오 - 이형구 (Team Stack)\TCP_SkyrimServer_ProjectFile\Debug\vc100.idb
G:\3D DIRECT3D 포트폴리오 - 이형구 (TEAM STACK)\TCP_SKYRIMSERVER_PROJECTFILE\DEBUG\VC100.PDB
