빌드 시작: 2017-02-09 오후 11:39:48
     1>2 노드의 "G:\3D Direct3D 포트폴리오 - 이형구 (Team Stack)_\TCP_SkyrimServer_ProjectFile\TCP_SkyrimServer.vcxproj" 프로젝트(build 대상)입니다.
     1>InitializeBuildStatus:
         "AlwaysCreate"이(가) 지정되었기 때문에 "Debug\TCP_SkyrimServer.unsuccessfulbuild"을(를) 만들고 있습니다.
       ClCompile:
         C:\Program Files (x86)\Microsoft Visual Studio 10.0\VC\bin\CL.exe /c /ZI /nologo /W3 /WX- /Od /Oy- /D WIN32 /D _DEBUG /D _CONSOLE /D _MBCS /Gm /EHsc /RTC1 /MDd /GS /fp:precise /Zc:wchar_t /Zc:forScope /Yc"StdAfx.h" /Fp"Debug\TCP_SkyrimServer.pch" /Fo"Debug\\" /Fd"Debug\vc100.pdb" /Gd /TP /analyze- /errorReport:prompt stdafx.cpp
         stdafx.cpp
         C:\Program Files (x86)\Microsoft Visual Studio 10.0\VC\bin\CL.exe /c /ZI /nologo /W3 /WX- /Od /Oy- /D WIN32 /D _DEBUG /D _CONSOLE /D _MBCS /Gm /EHsc /RTC1 /MDd /GS /fp:precise /Zc:wchar_t /Zc:forScope /Yu"StdAfx.h" /Fp"Debug\TCP_SkyrimServer.pch" /Fo"Debug\\" /Fd"Debug\vc100.pdb" /Gd /TP /analyze- /errorReport:prompt cWinSocketServer.cpp main.cpp cAI.cpp cAIStatus.cpp cDragonAI.cpp cComposite.cpp cCompositeComplex.cpp cCompositeSimple.cpp cDragonAttack.cpp cMove_BackMove.cpp cMove_BacktoStart.cpp cMove_Chase.cpp cPosThink.cpp cTargetalive.cpp cThisAlive.cpp cDragonBattle.cpp cDragonReady.cpp cDragonThink.cpp cMoveSelect.cpp cStatusThink.cpp
         cStatusThink.cpp
         cMoveSelect.cpp
         cDragonThink.cpp
         cDragonReady.cpp
         cDragonBattle.cpp
         cThisAlive.cpp
         cTargetalive.cpp
         cPosThink.cpp
         cMove_Chase.cpp
         cMove_BacktoStart.cpp
         cMove_BackMove.cpp
         cDragonAttack.cpp
         cCompositeSimple.cpp
         cCompositeComplex.cpp
         cComposite.cpp
         cDragonAI.cpp
         cAIStatus.cpp
         cAI.cpp
         main.cpp
         cWinSocketServer.cpp
         코드를 생성하고 있습니다...
       ManifestResourceCompile:
         C:\Program Files (x86)\Microsoft SDKs\Windows\v7.0A\bin\rc.exe /nologo /fo"Debug\TCP_SkyrimServer.exe.embed.manifest.res" Debug\TCP_SkyrimServer_manifest.rc 
       Link:
         C:\Program Files (x86)\Microsoft Visual Studio 10.0\VC\bin\link.exe /ERRORREPORT:PROMPT /OUT:"G:\3D Direct3D 포트폴리오 - 이형구 (Team Stack)_\TCP_SkyrimServer_ProjectFile\Debug\TCP_SkyrimServer.exe" /INCREMENTAL /NOLOGO ws2_32.lib d3d9.lib d3dx9.lib kernel32.lib user32.lib gdi32.lib winspool.lib comdlg32.lib advapi32.lib shell32.lib ole32.lib oleaut32.lib uuid.lib odbc32.lib odbccp32.lib /MANIFEST /ManifestFile:"Debug\TCP_SkyrimServer.exe.intermediate.manifest" /MANIFESTUAC:"level='asInvoker' uiAccess='false'" /DEBUG /PDB:"G:\3D Direct3D 포트폴리오 - 이형구 (Team Stack)_\TCP_SkyrimServer_ProjectFile\Debug\TCP_SkyrimServer.pdb" /SUBSYSTEM:CONSOLE /TLBID:1 /DYNAMICBASE /NXCOMPAT /IMPLIB:"G:\3D Direct3D 포트폴리오 - 이형구 (Team Stack)_\TCP_SkyrimServer_ProjectFile\Debug\TCP_SkyrimServer.lib" /MACHINE:X86 Debug\TCP_SkyrimServer.exe.embed.manifest.res
         Debug\cWinSocketServer.obj
         Debug\main.obj
         Debug\stdafx.obj
         Debug\cAI.obj
         Debug\cAIStatus.obj
         Debug\cDragonAI.obj
         Debug\cComposite.obj
         Debug\cCompositeComplex.obj
         Debug\cCompositeSimple.obj
         Debug\cDragonAttack.obj
         Debug\cMove_BackMove.obj
         Debug\cMove_BacktoStart.obj
         Debug\cMove_Chase.obj
         Debug\cPosThink.obj
         Debug\cTargetalive.obj
         Debug\cThisAlive.obj
         Debug\cDragonBattle.obj
         Debug\cDragonReady.obj
         Debug\cDragonThink.obj
         Debug\cMoveSelect.obj
         Debug\cStatusThink.obj
       Manifest:
         C:\Program Files (x86)\Microsoft SDKs\Windows\v7.0A\bin\mt.exe /nologo /verbose /out:"Debug\TCP_SkyrimServer.exe.embed.manifest" /manifest Debug\TCP_SkyrimServer.exe.intermediate.manifest
         모든 출력이 최신 상태입니다.
       LinkEmbedManifest:
         모든 출력이 최신 상태입니다.
         TCP_SkyrimServer.vcxproj -> G:\3D Direct3D 포트폴리오 - 이형구 (Team Stack)_\TCP_SkyrimServer_ProjectFile\Debug\TCP_SkyrimServer.exe
       FinalizeBuildStatus:
         "Debug\TCP_SkyrimServer.unsuccessfulbuild" 파일을 삭제하고 있습니다.
         "Debug\TCP_SkyrimServer.lastbuildstate"에 연결(touching)하고 있습니다.
     1>"G:\3D Direct3D 포트폴리오 - 이형구 (Team Stack)_\TCP_SkyrimServer_ProjectFile\TCP_SkyrimServer.vcxproj" 프로젝트를 빌드했습니다(build 대상).

빌드했습니다.

경과 시간: 00:00:03.14
